<?xml version="1.0" encoding="UTF-8"?>
<Site BuildName="Win32-ninja"
	BuildStamp="20231025-2237-Experimental"
	Name="UFSC-LAB120"
	Generator="ctest-3.27.4"
	CompilerName="C:/msys64/mingw64/bin/g++.exe"
	CompilerVersion="11.3.0"
	OSName="Windows"
	Hostname="UFSC-LAB120"
	OSRelease=" Professional"
	OSVersion=" (Build 19045)"
	OSPlatform="AMD64"
	Is64Bits="1"
	VendorString=""
	VendorID="Unknown Manufacturer"
	FamilyID="0"
	ModelID="0"
	ProcessorCacheSize="0"
	NumberOfLogicalCPU="8"
	NumberOfPhysicalCPU="4"
	TotalVirtualMemory="18241"
	TotalPhysicalMemory="15809"
	LogicalProcessorsPerPhysical="2"
	ProcessorClockFrequency="3600"
	>
	<Testing>
		<StartDateTime>Oct 25 17:38 Hora Padr[NON-UTF-8-BYTE-0xE3]o da Am[NON-UTF-8-BYTE-0xE9]rica Central</StartDateTime>
		<StartTestTime>1698277102</StartTestTime>
		<TestList/>
		<EndDateTime>Oct 25 17:38 Hora Padr[NON-UTF-8-BYTE-0xE3]o da Am[NON-UTF-8-BYTE-0xE9]rica Central</EndDateTime>
		<EndTestTime>1698277102</EndTestTime>
		<ElapsedMinutes>0</ElapsedMinutes>
	</Testing>
</Site>
