<?xml version="1.0" encoding="UTF-8"?>
<Site BuildName="Win32-ninja"
	BuildStamp="20231129-1816-Experimental"
	Name="DESKTOP-UDK6HS6"
	Generator="ctest-3.26.4"
	CompilerName="C:/msys64/mingw64/bin/x86_64-w64-mingw32-g++.exe"
	CompilerVersion="13.1.0"
	OSName="Windows"
	Hostname="DESKTOP-UDK6HS6"
	OSRelease=" Professional"
	OSVersion=" (Build 19045)"
	OSPlatform="AMD64"
	Is64Bits="1"
	VendorString=""
	VendorID="Unknown Manufacturer"
	FamilyID="0"
	ModelID="0"
	ProcessorCacheSize="0"
	NumberOfLogicalCPU="4"
	NumberOfPhysicalCPU="4"
	TotalVirtualMemory="11103"
	TotalPhysicalMemory="8159"
	LogicalProcessorsPerPhysical="1"
	ProcessorClockFrequency="3193"
	>
	<Testing>
		<StartDateTime>Nov 29 15:16 Hora oficial do Brasil</StartDateTime>
		<StartTestTime>1701281800</StartTestTime>
		<TestList/>
		<EndDateTime>Nov 29 15:16 Hora oficial do Brasil</EndDateTime>
		<EndTestTime>1701281800</EndTestTime>
		<ElapsedMinutes>0</ElapsedMinutes>
	</Testing>
</Site>
