<?xml version="1.0" encoding="UTF-8"?>
<Site BuildName="Win32-ninja"
	BuildStamp="20230906-2229-Experimental"
	Name="UFSC-LAB120"
	Generator="ctest-3.26.0"
	CompilerName="C:/msys64/mingw64/bin/g++.exe"
	CompilerVersion="11.3.0"
	OSName="Windows"
	Hostname="UFSC-LAB120"
	OSRelease=" Professional"
	OSVersion=" (Build 19045)"
	OSPlatform="AMD64"
	Is64Bits="1"
	VendorString=""
	VendorID="Unknown Manufacturer"
	FamilyID="0"
	ModelID="0"
	ProcessorCacheSize="0"
	NumberOfLogicalCPU="8"
	NumberOfPhysicalCPU="4"
	TotalVirtualMemory="18241"
	TotalPhysicalMemory="15809"
	LogicalProcessorsPerPhysical="2"
	ProcessorClockFrequency="3600"
	>
	<Testing>
		<StartDateTime>Sep 06 19:29 Hora oficial do Brasil</StartDateTime>
		<StartTestTime>1694039374</StartTestTime>
		<TestList/>
		<EndDateTime>Sep 06 19:29 Hora oficial do Brasil</EndDateTime>
		<EndTestTime>1694039374</EndTestTime>
		<ElapsedMinutes>0</ElapsedMinutes>
	</Testing>
</Site>
